<?xml version="1.0" encoding="UTF-8" standalone="yes"?><!DOCTYPE report PUBLIC "-//JACOCO//DTD Report 1.1//EN"
        "report.dtd">
<report name="module-main">
    <sessioninfo id="MiraKing-16bf4175" start="1754234710355" dump="1754234711242"/>
    <package name="com/mjc/school">
        <class name="com/mjc/school/Main" sourcefilename="Main.java">
            <method name="&lt;init&gt;" desc="()V" line="8">
                <counter type="INSTRUCTION" missed="3" covered="0"/>
                <counter type="LINE" missed="1" covered="0"/>
                <counter type="COMPLEXITY" missed="1" covered="0"/>
                <counter type="METHOD" missed="1" covered="0"/>
            </method>
            <method name="main" desc="([Ljava/lang/String;)V" line="10">
                <counter type="INSTRUCTION" missed="212" covered="0"/>
                <counter type="BRANCH" missed="19" covered="0"/>
                <counter type="LINE" missed="59" covered="0"/>
                <counter type="COMPLEXITY" missed="13" covered="0"/>
                <counter type="METHOD" missed="1" covered="0"/>
            </method>
            <counter type="INSTRUCTION" missed="215" covered="0"/>
            <counter type="BRANCH" missed="19" covered="0"/>
            <counter type="LINE" missed="60" covered="0"/>
            <counter type="COMPLEXITY" missed="14" covered="0"/>
            <counter type="METHOD" missed="2" covered="0"/>
            <counter type="CLASS" missed="1" covered="0"/>
        </class>
        <sourcefile name="Main.java">
            <line nr="8" mi="3" ci="0" mb="0" cb="0"/>
            <line nr="10" mi="2" ci="0" mb="0" cb="0"/>
            <line nr="11" mi="4" ci="0" mb="0" cb="0"/>
            <line nr="12" mi="5" ci="0" mb="0" cb="0"/>
            <line nr="14" mi="3" ci="0" mb="0" cb="0"/>
            <line nr="22" mi="3" ci="0" mb="2" cb="0"/>
            <line nr="23" mi="4" ci="0" mb="0" cb="0"/>
            <line nr="25" mi="3" ci="0" mb="0" cb="0"/>
            <line nr="26" mi="3" ci="0" mb="0" cb="0"/>
            <line nr="27" mi="1" ci="0" mb="0" cb="0"/>
            <line nr="30" mi="2" ci="0" mb="7" cb="0"/>
            <line nr="32" mi="3" ci="0" mb="0" cb="0"/>
            <line nr="33" mi="8" ci="0" mb="0" cb="0"/>
            <line nr="34" mi="1" ci="0" mb="0" cb="0"/>
            <line nr="36" mi="5" ci="0" mb="0" cb="0"/>
            <line nr="37" mi="3" ci="0" mb="0" cb="0"/>
            <line nr="39" mi="3" ci="0" mb="2" cb="0"/>
            <line nr="40" mi="3" ci="0" mb="0" cb="0"/>
            <line nr="41" mi="7" ci="0" mb="0" cb="0"/>
            <line nr="43" mi="5" ci="0" mb="0" cb="0"/>
            <line nr="47" mi="5" ci="0" mb="0" cb="0"/>
            <line nr="48" mi="3" ci="0" mb="0" cb="0"/>
            <line nr="49" mi="3" ci="0" mb="0" cb="0"/>
            <line nr="50" mi="3" ci="0" mb="0" cb="0"/>
            <line nr="51" mi="3" ci="0" mb="0" cb="0"/>
            <line nr="52" mi="3" ci="0" mb="0" cb="0"/>
            <line nr="53" mi="3" ci="0" mb="0" cb="0"/>
            <line nr="54" mi="4" ci="0" mb="0" cb="0"/>
            <line nr="55" mi="10" ci="0" mb="0" cb="0"/>
            <line nr="56" mi="1" ci="0" mb="0" cb="0"/>
            <line nr="58" mi="5" ci="0" mb="0" cb="0"/>
            <line nr="59" mi="3" ci="0" mb="0" cb="0"/>
            <line nr="60" mi="3" ci="0" mb="0" cb="0"/>
            <line nr="61" mi="3" ci="0" mb="2" cb="0"/>
            <line nr="62" mi="4" ci="0" mb="0" cb="0"/>
            <line nr="64" mi="5" ci="0" mb="0" cb="0"/>
            <line nr="66" mi="3" ci="0" mb="0" cb="0"/>
            <line nr="67" mi="3" ci="0" mb="0" cb="0"/>
            <line nr="68" mi="3" ci="0" mb="0" cb="0"/>
            <line nr="69" mi="3" ci="0" mb="0" cb="0"/>
            <line nr="70" mi="3" ci="0" mb="0" cb="0"/>
            <line nr="71" mi="3" ci="0" mb="0" cb="0"/>
            <line nr="73" mi="3" ci="0" mb="2" cb="0"/>
            <line nr="74" mi="3" ci="0" mb="0" cb="0"/>
            <line nr="75" mi="12" ci="0" mb="0" cb="0"/>
            <line nr="77" mi="5" ci="0" mb="0" cb="0"/>
            <line nr="79" mi="1" ci="0" mb="0" cb="0"/>
            <line nr="81" mi="5" ci="0" mb="0" cb="0"/>
            <line nr="82" mi="3" ci="0" mb="0" cb="0"/>
            <line nr="84" mi="3" ci="0" mb="2" cb="0"/>
            <line nr="85" mi="3" ci="0" mb="0" cb="0"/>
            <line nr="86" mi="6" ci="0" mb="0" cb="0"/>
            <line nr="88" mi="5" ci="0" mb="0" cb="0"/>
            <line nr="92" mi="4" ci="0" mb="0" cb="0"/>
            <line nr="94" mi="3" ci="0" mb="0" cb="0"/>
            <line nr="97" mi="1" ci="0" mb="0" cb="0"/>
            <line nr="98" mi="4" ci="0" mb="0" cb="0"/>
            <line nr="99" mi="1" ci="0" mb="0" cb="0"/>
            <line nr="101" mi="2" ci="0" mb="2" cb="0"/>
            <line nr="102" mi="1" ci="0" mb="0" cb="0"/>
            <counter type="INSTRUCTION" missed="215" covered="0"/>
            <counter type="BRANCH" missed="19" covered="0"/>
            <counter type="LINE" missed="60" covered="0"/>
            <counter type="COMPLEXITY" missed="14" covered="0"/>
            <counter type="METHOD" missed="2" covered="0"/>
            <counter type="CLASS" missed="1" covered="0"/>
        </sourcefile>
        <counter type="INSTRUCTION" missed="215" covered="0"/>
        <counter type="BRANCH" missed="19" covered="0"/>
        <counter type="LINE" missed="60" covered="0"/>
        <counter type="COMPLEXITY" missed="14" covered="0"/>
        <counter type="METHOD" missed="2" covered="0"/>
        <counter type="CLASS" missed="1" covered="0"/>
    </package>
    <counter type="INSTRUCTION" missed="215" covered="0"/>
    <counter type="BRANCH" missed="19" covered="0"/>
    <counter type="LINE" missed="60" covered="0"/>
    <counter type="COMPLEXITY" missed="14" covered="0"/>
    <counter type="METHOD" missed="2" covered="0"/>
    <counter type="CLASS" missed="1" covered="0"/>
</report>