<?xml version="1.0" encoding="UTF-8"?>
<testsuite name="com.mjc.school.repository.model.NewsModelTest" tests="14" skipped="0" failures="0" errors="0" timestamp="2025-08-08T15:39:21" hostname="MIRAKING" time="0.018">
  <properties/>
  <testcase name="testEqualsDifferentAuthorId()" classname="com.mjc.school.repository.model.NewsModelTest" time="0.001"/>
  <testcase name="testToString()" classname="com.mjc.school.repository.model.NewsModelTest" time="0.009"/>
  <testcase name="testEqualsEqualObjects()" classname="com.mjc.school.repository.model.NewsModelTest" time="0.001"/>
  <testcase name="testConstructorAndGetters()" classname="com.mjc.school.repository.model.NewsModelTest" time="0.0"/>
  <testcase name="testEqualsDifferentLastUpdateDate()" classname="com.mjc.school.repository.model.NewsModelTest" time="0.001"/>
  <testcase name="testEqualsDifferentClass()" classname="com.mjc.school.repository.model.NewsModelTest" time="0.0"/>
  <testcase name="testEqualsDifferentTitle()" classname="com.mjc.school.repository.model.NewsModelTest" time="0.001"/>
  <testcase name="testHashCodeConsistency()" classname="com.mjc.school.repository.model.NewsModelTest" time="0.0"/>
  <testcase name="testEqualsNull()" classname="com.mjc.school.repository.model.NewsModelTest" time="0.0"/>
  <testcase name="testEqualsSameObject()" classname="com.mjc.school.repository.model.NewsModelTest" time="0.001"/>
  <testcase name="testSetters()" classname="com.mjc.school.repository.model.NewsModelTest" time="0.001"/>
  <testcase name="testEqualsDifferentCreateDate()" classname="com.mjc.school.repository.model.NewsModelTest" time="0.0"/>
  <testcase name="testEqualsDifferentId()" classname="com.mjc.school.repository.model.NewsModelTest" time="0.0"/>
  <testcase name="testEqualsDifferentContent()" classname="com.mjc.school.repository.model.NewsModelTest" time="0.001"/>
  <system-out><![CDATA[]]></system-out>
  <system-err><![CDATA[]]></system-err>
</testsuite>
